<?xml version="1.0" encoding="UTF-8"?>
<testsuite xmlns:xsi="http://www.w3.org/2001/XMLSchema-instance" xsi:noNamespaceSchemaLocation="https://maven.apache.org/surefire/maven-surefire-plugin/xsd/surefire-test-report-3.0.xsd" version="3.0" name="address.data.AddressEntryTest" time="0.001" tests="10" errors="0" skipped="0" failures="0">
  <properties>
[...]
</properties>
  <testcase name="getPhoneNumber" classname="address.data.AddressEntryTest" time="0.0"/>
  <testcase name="getAddress" classname="address.data.AddressEntryTest" time="0.0"/>
  <testcase name="getFirstName" classname="address.data.AddressEntryTest" time="0.0"/>
  <testcase name="setLastName" classname="address.data.AddressEntryTest" time="0.0"/>
  <testcase name="getLastName" classname="address.data.AddressEntryTest" time="0.0"/>
  <testcase name="setPhoneNumber" classname="address.data.AddressEntryTest" time="0.0"/>
  <testcase name="setEmail" classname="address.data.AddressEntryTest" time="0.0"/>
  <testcase name="setFirstName" classname="address.data.AddressEntryTest" time="0.0"/>
  <testcase name="setAddress" classname="address.data.AddressEntryTest" time="0.0"/>
  <testcase name="getEmail" classname="address.data.AddressEntryTest" time="0.0"/>
</testsuite>